[2026-05-02 09:23:47] INFO: Starting weekly maintenance on DESKTOP-FQP93OI
[2026-05-02 09:23:47] INFO: Operation 1: Updating system packages...
[2026-05-02 09:23:47] INFO: Detected package manager: apt-get (Ubuntu/Debian)
Hit:1 http://security.ubuntu.com/ubuntu noble-security InRelease
Hit:2 http://archive.ubuntu.com/ubuntu noble InRelease
Hit:3 http://archive.ubuntu.com/ubuntu noble-updates InRelease
Hit:4 http://archive.ubuntu.com/ubuntu noble-backports InRelease
Reading package lists...
Processing triggers for libc-bin (2.39-0ubuntu8.7) ...
Processing triggers for man-db (2.12.0-4build2) ...
Setting up packagekit (1.2.8-2ubuntu1.5) ...
Setting up packagekit-tools (1.2.8-2ubuntu1.5) ...
Setting up software-properties-common (0.99.49.4) ...
Reading package lists...
Building dependency tree...
Reading state information...
0 upgraded, 0 newly installed, 0 to remove and 0 not upgraded.
[2026-05-02 09:28:21] INFO: Package update completed in 274 seconds
[2026-05-02 09:28:21] INFO: Operation 2: Cleaning temporary files...
[2026-05-02 09:28:21] INFO: Cleaned /tmp files older than 7 days
[2026-05-02 09:28:21] INFO: Cleaned /var/tmp files older than 7 days
Vacuuming done, freed 0B of archived journals from /var/log/journal.
Vacuuming done, freed 0B of archived journals from /var/log/journal/543ad6bd9a454735bf5acfaeb587fea3.
Vacuuming done, freed 0B of archived journals from /run/log/journal.
[2026-05-02 09:28:21] INFO: Vacuumed journal logs older than 7 days
[2026-05-02 09:28:21] INFO: Temporary file cleanup complete
[2026-05-02 09:28:21] INFO: Operation 3: Running log rotation...
[2026-05-02 09:28:21] INFO: Log rotation completed
[2026-05-02 09:28:21] INFO: Weekly maintenance completed!
[2026-05-02 09:28:21] INFO: Maintenance finished. Next run: Sunday 2AM (via cron)
