[2026-05-02 05:13:08] INFO: Starting log rotation...
[2026-05-02 05:13:08] INFO: Operation 1: Deleting logs older than 30 days...
[2026-05-02 05:13:08] INFO: Old log deletion complete
[2026-05-02 05:13:08] INFO: Operation 2: Compressing logs larger than 50MB...
[2026-05-02 05:13:08] INFO: Compression complete
[2026-05-02 05:13:08] INFO: Operation 3: Pruning excess compressed files (keeping 10 newest)...
[2026-05-02 05:13:08] INFO: Pruning complete
[2026-05-02 05:13:08] INFO: Operation 4: Cleaning reports older than 30 days...
[2026-05-02 05:13:08] INFO: Old report cleanup complete
[2026-05-02 05:13:08] INFO: Log rotation completed successfully
[2026-05-02 05:13:08] INFO: Log rotation finished
[2026-05-02 09:28:21] INFO: Starting log rotation...
[2026-05-02 09:28:21] INFO: Operation 1: Deleting logs older than 30 days...
[2026-05-02 09:28:21] INFO: Old log deletion complete
[2026-05-02 09:28:21] INFO: Operation 2: Compressing logs larger than 50MB...
[2026-05-02 09:28:21] INFO: Compression complete
[2026-05-02 09:28:21] INFO: Operation 3: Pruning excess compressed files (keeping 10 newest)...
[2026-05-02 09:28:21] INFO: Pruning complete
[2026-05-02 09:28:21] INFO: Operation 4: Cleaning reports older than 30 days...
[2026-05-02 09:28:21] INFO: Old report cleanup complete
[2026-05-02 09:28:21] INFO: Log rotation completed successfully
[2026-05-02 09:28:21] INFO: Log rotation finished
